[Sun May  3 22:51:40 UTC 2026] 📰 Social Posting Pipeline — Starting
[Sun May  3 22:51:40 UTC 2026]    Input: /home/ubuntu/.openclaw/workspace/tasks/news_analysis.md
[Sun May  3 22:51:40 UTC 2026]    Date: 2026-05-02
[Sun May  3 22:51:40 UTC 2026]    BLUF: ## BLUF (Bottom Line Up Front) The global security environment continues to dete...
[Sun May  3 22:51:40 UTC 2026] ─── Twitter/X ───
[Sun May  3 22:51:40 UTC 2026]   📝 DRY-RUN [twitter]:
🔍 Daily OSINT Brief — 2026-05-02

## BLUF (Bottom Line Up Front) The global security environment continues to deteriorate across multiple theaters simultaneously. The Strait of Hormuz remains ef....

[Sun May  3 22:51:40 UTC 2026] ─── LinkedIn ───
[Sun May  3 22:51:40 UTC 2026]   📝 DRY-RUN [linkedin]:
📊 Daily Intelligence Brief — 2026-05-02

## BLUF (Bottom Line Up Front) The global security environment continues to deteriorate across multiple theaters simultaneously. The Strait of Hormuz rema...

[Sun May  3 22:51:40 UTC 2026] ✅ Social Posting Pipeline — Complete
[Sun May  3 22:52:06 UTC 2026] 📰 Pipeline — preparing posts for 2026-05-02
[Sun May  3 22:52:06 UTC 2026] ✅ Posts saved to exports/social/
[Sun May  3 22:52:06 UTC 2026]    Twitter:   199 chars
[Sun May  3 22:52:06 UTC 2026]    LinkedIn:  1447 chars
[Sun May  3 22:52:13 UTC 2026] 📰 Pipeline — preparing posts for 2026-05-02
[Sun May  3 22:52:13 UTC 2026] ✅ Posts saved to exports/social/
[Sun May  3 22:52:13 UTC 2026]    Twitter:   199 chars
[Sun May  3 22:52:13 UTC 2026]    LinkedIn:  1447 chars
[Sun May  3 22:52:13 UTC 2026]    Reddit:    1380 chars
[Sun May  3 22:52:46 UTC 2026] 📰 Pipeline — preparing posts for 2026-05-02
[Sun May  3 22:52:46 UTC 2026] ✅ Posts saved to exports/social/
[Sun May  3 22:52:46 UTC 2026]    Twitter:   199 chars
[Sun May  3 22:52:46 UTC 2026]    LinkedIn:  1447 chars
[Sun May  3 22:52:46 UTC 2026]    Reddit:    1380 chars
[Mon May  4 01:38:44 UTC 2026] 📰 Pipeline — preparing posts for 2026-05-02
[Mon May  4 01:38:44 UTC 2026] ✅ Posts saved to exports/social/
[Mon May  4 01:38:44 UTC 2026]    Twitter:   199 chars
[Mon May  4 01:38:44 UTC 2026]    LinkedIn:  1447 chars
[Mon May  4 01:38:44 UTC 2026]    Reddit:    1380 chars
[Mon May  4 20:30:39 UTC 2026] 📰 Pipeline — preparing posts for 2026-05-02
[Mon May  4 20:30:39 UTC 2026] ✅ Posts saved to exports/social/
[Mon May  4 20:30:39 UTC 2026]    Twitter:   199 chars
[Mon May  4 20:30:39 UTC 2026]    LinkedIn:  1447 chars
[Mon May  4 20:30:39 UTC 2026]    Reddit:    1380 chars
[Mon May  4 20:30:39 UTC 2026] ─── Buttondown ───
python3: can't open file '/home/ubuntu/.openclaw/workspace/${WORKSPACE}/scripts/buttondown-publish.py': [Errno 2] No such file or directory
